<?xml version="1.0" encoding="UTF-8"?>
<!-- Generated by org.testng.reporters.JUnitReportReporter -->
<testsuite hostname="bhagyak" failures="0" tests="3" name="testcases.AddCustomerTest" time="14.217" errors="0" timestamp="2024-11-11T13:12:23 IST" skipped="0">
  <testcase classname="testcases.AddCustomerTest" name="addCustomer" time="4.758"/>
  <testcase classname="testcases.AddCustomerTest" name="addCustomer" time="4.883"/>
  <testcase classname="testcases.AddCustomerTest" name="addCustomer" time="4.576"/>
</testsuite> <!-- testcases.AddCustomerTest -->
