<?xml version="1.0" encoding="UTF-8"?>
<!-- Generated by org.testng.reporters.JUnitReportReporter -->
<testsuite hostname="bhagyak" failures="0" tests="3" name="testcases.AddAccountTest" time="13.713" errors="0" timestamp="2024-11-11T13:12:23 IST" skipped="0">
  <testcase classname="testcases.AddAccountTest" name="addAccount" time="4.480"/>
  <testcase classname="testcases.AddAccountTest" name="addAccount" time="4.743"/>
  <testcase classname="testcases.AddAccountTest" name="addAccount" time="4.490"/>
</testsuite> <!-- testcases.AddAccountTest -->
