<?xml version="1.0" encoding="UTF-8"?>
<!-- Generated by org.testng.reporters.JUnitReportReporter -->
<testsuite hostname="bhagyak" failures="0" tests="2" name="testcases.LoginTest" time="13.806" errors="0" timestamp="2024-11-07T12:23:01 IST" skipped="0">
  <testcase classname="testcases.LoginTest" name="doLogin" time="5.809"/>
  <testcase classname="testcases.LoginTest" name="doLogin" time="7.997"/>
</testsuite> <!-- testcases.LoginTest -->
