<?xml version="1.0" encoding="UTF-8"?>
<!-- Generated by org.testng.reporters.JUnitReportReporter -->
<testsuite hostname="bhagyak" failures="0" tests="2" name="testcases.UserReg" time="10.725" errors="0" timestamp="2024-11-07T12:23:01 IST" skipped="0">
  <testcase classname="testcases.UserReg" name="doUserReg" time="5.470"/>
  <testcase classname="testcases.UserReg" name="doUserReg" time="5.255"/>
</testsuite> <!-- testcases.UserReg -->
