<?xml version="1.0" encoding="UTF-8"?>
<!-- Generated by org.testng.reporters.JUnitReportReporter -->
<testsuite hostname="bhagyak" failures="0" tests="2" name="testcases.UserReg" time="6.031" errors="0" timestamp="2024-11-08T08:59:51 IST" skipped="0">
  <testcase classname="testcases.UserReg" name="doUserReg" time="3.008"/>
  <testcase classname="testcases.UserReg" name="doUserReg" time="3.023"/>
</testsuite> <!-- testcases.UserReg -->
