<?xml version="1.0" encoding="UTF-8"?>
<!-- Generated by org.testng.reporters.JUnitReportReporter -->
<testsuite hostname="bhagyak" failures="0" tests="1" name="testcases.BankManagerLoginTest" time="0.915" errors="0" timestamp="2024-11-11T13:12:23 IST" skipped="0">
  <testcase classname="testcases.BankManagerLoginTest" name="doBankMgrLogin" time="0.915"/>
</testsuite> <!-- testcases.BankManagerLoginTest -->
