<?xml version="1.0" encoding="UTF-8"?>
<!-- Generated by org.testng.reporters.JUnitReportReporter -->
<testsuite hostname="bhagyak" failures="0" tests="2" name="testcases.LoginTest" time="7.557" errors="0" timestamp="2024-11-08T08:59:51 IST" skipped="0">
  <testcase classname="testcases.LoginTest" name="doLogin" time="3.253"/>
  <testcase classname="testcases.LoginTest" name="doLogin" time="4.304"/>
</testsuite> <!-- testcases.LoginTest -->
